{"/Users/ziadalbitar/Desktop/Plugg/PKD/Snake/exports.ts": {"path":"/Users/ziadalbitar/Desktop/Plugg/PKD/Snake/exports.ts","statementMap":{"0":{"start":{"line":22,"column":20},"end":{"line":22,"column":61}},"1":{"start":{"line":23,"column":4},"end":{"line":23,"column":53}},"2":{"start":{"line":24,"column":4},"end":{"line":24,"column":21}},"3":{"start":{"line":21,"column":0},"end":{"line":21,"column":16}},"4":{"start":{"line":45,"column":4},"end":{"line":72,"column":5}},"5":{"start":{"line":47,"column":12},"end":{"line":50,"column":41}},"6":{"start":{"line":51,"column":12},"end":{"line":51,"column":18}},"7":{"start":{"line":53,"column":12},"end":{"line":56,"column":41}},"8":{"start":{"line":57,"column":12},"end":{"line":57,"column":18}},"9":{"start":{"line":59,"column":12},"end":{"line":63,"column":41}},"10":{"start":{"line":64,"column":12},"end":{"line":64,"column":18}},"11":{"start":{"line":66,"column":12},"end":{"line":70,"column":41}},"12":{"start":{"line":71,"column":12},"end":{"line":71,"column":18}},"13":{"start":{"line":37,"column":0},"end":{"line":37,"column":16}},"14":{"start":{"line":103,"column":4},"end":{"line":130,"column":5}},"15":{"start":{"line":105,"column":12},"end":{"line":108,"column":41}},"16":{"start":{"line":109,"column":12},"end":{"line":109,"column":18}},"17":{"start":{"line":111,"column":12},"end":{"line":114,"column":41}},"18":{"start":{"line":115,"column":12},"end":{"line":115,"column":18}},"19":{"start":{"line":117,"column":12},"end":{"line":121,"column":41}},"20":{"start":{"line":122,"column":12},"end":{"line":122,"column":18}},"21":{"start":{"line":124,"column":12},"end":{"line":128,"column":41}},"22":{"start":{"line":129,"column":12},"end":{"line":129,"column":18}},"23":{"start":{"line":132,"column":4},"end":{"line":159,"column":5}},"24":{"start":{"line":134,"column":12},"end":{"line":137,"column":41}},"25":{"start":{"line":138,"column":12},"end":{"line":138,"column":18}},"26":{"start":{"line":140,"column":12},"end":{"line":143,"column":41}},"27":{"start":{"line":144,"column":12},"end":{"line":144,"column":18}},"28":{"start":{"line":146,"column":12},"end":{"line":150,"column":41}},"29":{"start":{"line":151,"column":12},"end":{"line":151,"column":18}},"30":{"start":{"line":153,"column":12},"end":{"line":157,"column":41}},"31":{"start":{"line":158,"column":12},"end":{"line":158,"column":18}},"32":{"start":{"line":91,"column":0},"end":{"line":91,"column":16}},"33":{"start":{"line":169,"column":4},"end":{"line":190,"column":5}},"34":{"start":{"line":170,"column":8},"end":{"line":189,"column":9}},"35":{"start":{"line":171,"column":12},"end":{"line":171,"column":42}},"36":{"start":{"line":172,"column":12},"end":{"line":172,"column":33}},"37":{"start":{"line":173,"column":12},"end":{"line":173,"column":34}},"38":{"start":{"line":175,"column":13},"end":{"line":189,"column":9}},"39":{"start":{"line":176,"column":12},"end":{"line":176,"column":44}},"40":{"start":{"line":177,"column":12},"end":{"line":177,"column":33}},"41":{"start":{"line":178,"column":12},"end":{"line":178,"column":33}},"42":{"start":{"line":180,"column":13},"end":{"line":189,"column":9}},"43":{"start":{"line":181,"column":12},"end":{"line":181,"column":45}},"44":{"start":{"line":182,"column":12},"end":{"line":182,"column":33}},"45":{"start":{"line":183,"column":12},"end":{"line":183,"column":33}},"46":{"start":{"line":185,"column":13},"end":{"line":189,"column":9}},"47":{"start":{"line":186,"column":12},"end":{"line":186,"column":44}},"48":{"start":{"line":187,"column":12},"end":{"line":187,"column":34}},"49":{"start":{"line":188,"column":12},"end":{"line":188,"column":33}},"50":{"start":{"line":191,"column":4},"end":{"line":191,"column":29}},"51":{"start":{"line":168,"column":0},"end":{"line":168,"column":16}},"52":{"start":{"line":202,"column":4},"end":{"line":227,"column":5}},"53":{"start":{"line":203,"column":8},"end":{"line":226,"column":9}},"54":{"start":{"line":204,"column":12},"end":{"line":204,"column":43}},"55":{"start":{"line":205,"column":12},"end":{"line":205,"column":34}},"56":{"start":{"line":206,"column":12},"end":{"line":206,"column":35}},"57":{"start":{"line":207,"column":12},"end":{"line":207,"column":38}},"58":{"start":{"line":209,"column":13},"end":{"line":226,"column":9}},"59":{"start":{"line":210,"column":12},"end":{"line":210,"column":45}},"60":{"start":{"line":211,"column":12},"end":{"line":211,"column":34}},"61":{"start":{"line":212,"column":12},"end":{"line":212,"column":34}},"62":{"start":{"line":213,"column":12},"end":{"line":213,"column":38}},"63":{"start":{"line":215,"column":13},"end":{"line":226,"column":9}},"64":{"start":{"line":216,"column":12},"end":{"line":216,"column":46}},"65":{"start":{"line":217,"column":12},"end":{"line":217,"column":34}},"66":{"start":{"line":218,"column":12},"end":{"line":218,"column":34}},"67":{"start":{"line":219,"column":12},"end":{"line":219,"column":38}},"68":{"start":{"line":221,"column":13},"end":{"line":226,"column":9}},"69":{"start":{"line":222,"column":12},"end":{"line":222,"column":45}},"70":{"start":{"line":223,"column":12},"end":{"line":223,"column":35}},"71":{"start":{"line":224,"column":12},"end":{"line":224,"column":34}},"72":{"start":{"line":225,"column":12},"end":{"line":225,"column":38}},"73":{"start":{"line":229,"column":4},"end":{"line":254,"column":5}},"74":{"start":{"line":230,"column":8},"end":{"line":253,"column":9}},"75":{"start":{"line":231,"column":12},"end":{"line":231,"column":43}},"76":{"start":{"line":232,"column":12},"end":{"line":232,"column":34}},"77":{"start":{"line":233,"column":12},"end":{"line":233,"column":35}},"78":{"start":{"line":234,"column":12},"end":{"line":234,"column":38}},"79":{"start":{"line":236,"column":13},"end":{"line":253,"column":9}},"80":{"start":{"line":237,"column":12},"end":{"line":237,"column":45}},"81":{"start":{"line":238,"column":12},"end":{"line":238,"column":34}},"82":{"start":{"line":239,"column":12},"end":{"line":239,"column":34}},"83":{"start":{"line":240,"column":12},"end":{"line":240,"column":38}},"84":{"start":{"line":242,"column":13},"end":{"line":253,"column":9}},"85":{"start":{"line":243,"column":12},"end":{"line":243,"column":46}},"86":{"start":{"line":244,"column":12},"end":{"line":244,"column":34}},"87":{"start":{"line":245,"column":12},"end":{"line":245,"column":34}},"88":{"start":{"line":246,"column":12},"end":{"line":246,"column":38}},"89":{"start":{"line":248,"column":13},"end":{"line":253,"column":9}},"90":{"start":{"line":249,"column":12},"end":{"line":249,"column":45}},"91":{"start":{"line":250,"column":12},"end":{"line":250,"column":35}},"92":{"start":{"line":251,"column":12},"end":{"line":251,"column":34}},"93":{"start":{"line":252,"column":12},"end":{"line":252,"column":38}},"94":{"start":{"line":201,"column":0},"end":{"line":201,"column":16}},"95":{"start":{"line":264,"column":4},"end":{"line":282,"column":5}},"96":{"start":{"line":267,"column":12},"end":{"line":267,"column":24}},"97":{"start":{"line":268,"column":11},"end":{"line":282,"column":5}},"98":{"start":{"line":271,"column":20},"end":{"line":271,"column":32}},"99":{"start":{"line":272,"column":11},"end":{"line":282,"column":5}},"100":{"start":{"line":275,"column":20},"end":{"line":275,"column":32}},"101":{"start":{"line":276,"column":11},"end":{"line":282,"column":5}},"102":{"start":{"line":279,"column":20},"end":{"line":279,"column":32}},"103":{"start":{"line":281,"column":8},"end":{"line":281,"column":21}},"104":{"start":{"line":263,"column":0},"end":{"line":263,"column":16}},"105":{"start":{"line":298,"column":4},"end":{"line":298,"column":45}},"106":{"start":{"line":299,"column":4},"end":{"line":299,"column":45}},"107":{"start":{"line":302,"column":4},"end":{"line":308,"column":5}},"108":{"start":{"line":302,"column":17},"end":{"line":302,"column":18}},"109":{"start":{"line":303,"column":8},"end":{"line":307,"column":9}},"110":{"start":{"line":306,"column":12},"end":{"line":306,"column":49}},"111":{"start":{"line":311,"column":4},"end":{"line":311,"column":26}},"112":{"start":{"line":293,"column":0},"end":{"line":293,"column":16}},"113":{"start":{"line":322,"column":24},"end":{"line":322,"column":50}},"114":{"start":{"line":323,"column":22},"end":{"line":323,"column":57}},"115":{"start":{"line":324,"column":4},"end":{"line":324,"column":38}},"116":{"start":{"line":321,"column":0},"end":{"line":321,"column":16}},"117":{"start":{"line":333,"column":22},"end":{"line":333,"column":48}},"118":{"start":{"line":334,"column":24},"end":{"line":334,"column":59}},"119":{"start":{"line":335,"column":4},"end":{"line":335,"column":38}},"120":{"start":{"line":332,"column":0},"end":{"line":332,"column":16}},"121":{"start":{"line":345,"column":4},"end":{"line":345,"column":28}},"122":{"start":{"line":346,"column":16},"end":{"line":346,"column":62}},"123":{"start":{"line":347,"column":16},"end":{"line":347,"column":39}},"124":{"start":{"line":344,"column":0},"end":{"line":344,"column":16}},"125":{"start":{"line":358,"column":4},"end":{"line":358,"column":46}},"126":{"start":{"line":359,"column":4},"end":{"line":359,"column":49}},"127":{"start":{"line":360,"column":4},"end":{"line":360,"column":27}},"128":{"start":{"line":357,"column":0},"end":{"line":357,"column":16}},"129":{"start":{"line":371,"column":4},"end":{"line":378,"column":5}},"130":{"start":{"line":371,"column":17},"end":{"line":371,"column":18}},"131":{"start":{"line":372,"column":28},"end":{"line":372,"column":39}},"132":{"start":{"line":373,"column":8},"end":{"line":373,"column":34}},"133":{"start":{"line":374,"column":8},"end":{"line":377,"column":39}},"134":{"start":{"line":370,"column":0},"end":{"line":370,"column":16}},"135":{"start":{"line":387,"column":4},"end":{"line":387,"column":41}},"136":{"start":{"line":386,"column":0},"end":{"line":386,"column":16}},"137":{"start":{"line":398,"column":37},"end":{"line":398,"column":66}},"138":{"start":{"line":399,"column":4},"end":{"line":399,"column":39}},"139":{"start":{"line":400,"column":4},"end":{"line":400,"column":41}},"140":{"start":{"line":401,"column":4},"end":{"line":401,"column":34}},"141":{"start":{"line":402,"column":4},"end":{"line":402,"column":30}},"142":{"start":{"line":403,"column":4},"end":{"line":403,"column":35}},"143":{"start":{"line":404,"column":4},"end":{"line":404,"column":60}},"144":{"start":{"line":405,"column":4},"end":{"line":405,"column":38}},"145":{"start":{"line":408,"column":4},"end":{"line":408,"column":40}},"146":{"start":{"line":410,"column":4},"end":{"line":410,"column":null}},"147":{"start":{"line":396,"column":0},"end":{"line":396,"column":16}},"148":{"start":{"line":422,"column":4},"end":{"line":422,"column":42}},"149":{"start":{"line":423,"column":4},"end":{"line":423,"column":54}},"150":{"start":{"line":419,"column":0},"end":{"line":419,"column":16}},"151":{"start":{"line":436,"column":4},"end":{"line":436,"column":30}},"152":{"start":{"line":437,"column":4},"end":{"line":437,"column":24}},"153":{"start":{"line":438,"column":4},"end":{"line":442,"column":29}},"154":{"start":{"line":443,"column":4},"end":{"line":443,"column":19}},"155":{"start":{"line":434,"column":0},"end":{"line":434,"column":16}},"156":{"start":{"line":462,"column":4},"end":{"line":462,"column":30}},"157":{"start":{"line":463,"column":4},"end":{"line":463,"column":24}},"158":{"start":{"line":464,"column":4},"end":{"line":468,"column":29}},"159":{"start":{"line":469,"column":4},"end":{"line":469,"column":19}},"160":{"start":{"line":455,"column":0},"end":{"line":455,"column":16}},"161":{"start":{"line":483,"column":4},"end":{"line":488,"column":5}},"162":{"start":{"line":484,"column":8},"end":{"line":484,"column":47}},"163":{"start":{"line":485,"column":8},"end":{"line":485,"column":20}},"164":{"start":{"line":487,"column":8},"end":{"line":487,"column":21}},"165":{"start":{"line":480,"column":0},"end":{"line":480,"column":16}},"166":{"start":{"line":511,"column":4},"end":{"line":513,"column":5}},"167":{"start":{"line":511,"column":17},"end":{"line":511,"column":45}},"168":{"start":{"line":512,"column":8},"end":{"line":512,"column":56}},"169":{"start":{"line":514,"column":4},"end":{"line":516,"column":5}},"170":{"start":{"line":515,"column":8},"end":{"line":515,"column":60}},"171":{"start":{"line":518,"column":8},"end":{"line":518,"column":41}},"172":{"start":{"line":519,"column":8},"end":{"line":519,"column":41}},"173":{"start":{"line":520,"column":8},"end":{"line":520,"column":89}},"174":{"start":{"line":502,"column":0},"end":{"line":502,"column":16}},"175":{"start":{"line":534,"column":4},"end":{"line":538,"column":5}},"176":{"start":{"line":534,"column":17},"end":{"line":534,"column":18}},"177":{"start":{"line":535,"column":8},"end":{"line":537,"column":9}},"178":{"start":{"line":536,"column":12},"end":{"line":536,"column":24}},"179":{"start":{"line":540,"column":4},"end":{"line":544,"column":5}},"180":{"start":{"line":541,"column":8},"end":{"line":541,"column":20}},"181":{"start":{"line":543,"column":8},"end":{"line":543,"column":21}},"182":{"start":{"line":531,"column":0},"end":{"line":531,"column":16}},"183":{"start":{"line":556,"column":4},"end":{"line":556,"column":45}},"184":{"start":{"line":557,"column":4},"end":{"line":557,"column":33}},"185":{"start":{"line":558,"column":4},"end":{"line":558,"column":34}},"186":{"start":{"line":559,"column":4},"end":{"line":559,"column":39}},"187":{"start":{"line":560,"column":4},"end":{"line":560,"column":64}},"188":{"start":{"line":561,"column":4},"end":{"line":561,"column":41}},"189":{"start":{"line":562,"column":4},"end":{"line":562,"column":49}},"190":{"start":{"line":565,"column":4},"end":{"line":565,"column":44}},"191":{"start":{"line":553,"column":0},"end":{"line":553,"column":16}},"192":{"start":{"line":576,"column":4},"end":{"line":576,"column":42}},"193":{"start":{"line":577,"column":4},"end":{"line":577,"column":46}},"194":{"start":{"line":578,"column":4},"end":{"line":578,"column":39}},"195":{"start":{"line":579,"column":4},"end":{"line":579,"column":41}},"196":{"start":{"line":580,"column":4},"end":{"line":580,"column":45}},"197":{"start":{"line":581,"column":4},"end":{"line":581,"column":42}},"198":{"start":{"line":582,"column":4},"end":{"line":582,"column":43}},"199":{"start":{"line":583,"column":4},"end":{"line":583,"column":40}},"200":{"start":{"line":584,"column":4},"end":{"line":584,"column":56}},"201":{"start":{"line":587,"column":4},"end":{"line":587,"column":45}},"202":{"start":{"line":573,"column":0},"end":{"line":573,"column":16}},"203":{"start":{"line":598,"column":4},"end":{"line":598,"column":36}},"204":{"start":{"line":599,"column":4},"end":{"line":599,"column":40}},"205":{"start":{"line":600,"column":4},"end":{"line":600,"column":34}},"206":{"start":{"line":601,"column":4},"end":{"line":601,"column":35}},"207":{"start":{"line":602,"column":4},"end":{"line":602,"column":42}},"208":{"start":{"line":603,"column":4},"end":{"line":603,"column":39}},"209":{"start":{"line":604,"column":4},"end":{"line":604,"column":40}},"210":{"start":{"line":605,"column":4},"end":{"line":605,"column":37}},"211":{"start":{"line":606,"column":4},"end":{"line":606,"column":49}},"212":{"start":{"line":607,"column":4},"end":{"line":607,"column":42}},"213":{"start":{"line":610,"column":4},"end":{"line":610,"column":42}},"214":{"start":{"line":595,"column":0},"end":{"line":595,"column":16}}},"fnMap":{"0":{"name":"scoreUpdate","decl":{"start":{"line":21,"column":16},"end":{"line":21,"column":27}},"loc":{"start":{"line":21,"column":71},"end":{"line":25,"column":1}}},"1":{"name":"drawSnakeHead","decl":{"start":{"line":37,"column":16},"end":{"line":37,"column":29}},"loc":{"start":{"line":43,"column":41},"end":{"line":73,"column":1}}},"2":{"name":"draw_snake_head2P","decl":{"start":{"line":91,"column":16},"end":{"line":91,"column":33}},"loc":{"start":{"line":102,"column":51},"end":{"line":160,"column":1}}},"3":{"name":"changeDirection","decl":{"start":{"line":168,"column":16},"end":{"line":168,"column":31}},"loc":{"start":{"line":168,"column":63},"end":{"line":192,"column":1}}},"4":{"name":"changeDirection2P","decl":{"start":{"line":201,"column":16},"end":{"line":201,"column":33}},"loc":{"start":{"line":201,"column":82},"end":{"line":255,"column":1}}},"5":{"name":"tie_check","decl":{"start":{"line":263,"column":16},"end":{"line":263,"column":25}},"loc":{"start":{"line":263,"column":56},"end":{"line":283,"column":1}}},"6":{"name":"spawnFood","decl":{"start":{"line":293,"column":16},"end":{"line":293,"column":25}},"loc":{"start":{"line":293,"column":67},"end":{"line":312,"column":1}}},"7":{"name":"gradient","decl":{"start":{"line":321,"column":16},"end":{"line":321,"column":24}},"loc":{"start":{"line":321,"column":49},"end":{"line":325,"column":1}}},"8":{"name":"red_gradient","decl":{"start":{"line":332,"column":16},"end":{"line":332,"column":28}},"loc":{"start":{"line":332,"column":53},"end":{"line":336,"column":1}}},"9":{"name":"PauseGame","decl":{"start":{"line":344,"column":16},"end":{"line":344,"column":25}},"loc":{"start":{"line":344,"column":77},"end":{"line":348,"column":13}}},"10":{"name":"ResumeGame","decl":{"start":{"line":357,"column":16},"end":{"line":357,"column":26}},"loc":{"start":{"line":357,"column":98},"end":{"line":361,"column":1}}},"11":{"name":"color_in_snake","decl":{"start":{"line":370,"column":16},"end":{"line":370,"column":30}},"loc":{"start":{"line":370,"column":98},"end":{"line":379,"column":1}}},"12":{"name":"print_pause","decl":{"start":{"line":386,"column":16},"end":{"line":386,"column":27}},"loc":{"start":{"line":386,"column":53},"end":{"line":388,"column":1}}},"13":{"name":"print_game_over","decl":{"start":{"line":396,"column":16},"end":{"line":396,"column":31}},"loc":{"start":{"line":396,"column":76},"end":{"line":411,"column":1}}},"14":{"name":"paint_board","decl":{"start":{"line":419,"column":16},"end":{"line":419,"column":27}},"loc":{"start":{"line":419,"column":87},"end":{"line":424,"column":1}}},"15":{"name":"paint_food","decl":{"start":{"line":434,"column":16},"end":{"line":434,"column":26}},"loc":{"start":{"line":434,"column":109},"end":{"line":444,"column":1}}},"16":{"name":"paint_food_color","decl":{"start":{"line":455,"column":16},"end":{"line":455,"column":32}},"loc":{"start":{"line":459,"column":37},"end":{"line":470,"column":1}}},"17":{"name":"food_eaten","decl":{"start":{"line":480,"column":16},"end":{"line":480,"column":26}},"loc":{"start":{"line":480,"column":70},"end":{"line":489,"column":1}}},"18":{"name":"move_snake","decl":{"start":{"line":502,"column":16},"end":{"line":502,"column":26}},"loc":{"start":{"line":508,"column":44},"end":{"line":521,"column":1}}},"19":{"name":"is_game_over","decl":{"start":{"line":531,"column":16},"end":{"line":531,"column":28}},"loc":{"start":{"line":531,"column":70},"end":{"line":545,"column":1}}},"20":{"name":"display_score","decl":{"start":{"line":553,"column":16},"end":{"line":553,"column":29}},"loc":{"start":{"line":553,"column":74},"end":{"line":566,"column":1}}},"21":{"name":"paint_restart_button","decl":{"start":{"line":573,"column":16},"end":{"line":573,"column":36}},"loc":{"start":{"line":573,"column":69},"end":{"line":588,"column":1}}},"22":{"name":"paint_menu_button","decl":{"start":{"line":595,"column":16},"end":{"line":595,"column":33}},"loc":{"start":{"line":595,"column":63},"end":{"line":611,"column":1}}}},"branchMap":{"0":{"loc":{"start":{"line":45,"column":4},"end":{"line":72,"column":5}},"type":"switch","locations":[{"start":{"line":46,"column":8},"end":{"line":51,"column":18}},{"start":{"line":52,"column":8},"end":{"line":57,"column":18}},{"start":{"line":58,"column":8},"end":{"line":64,"column":18}},{"start":{"line":65,"column":8},"end":{"line":71,"column":18}}]},"1":{"loc":{"start":{"line":103,"column":4},"end":{"line":130,"column":5}},"type":"switch","locations":[{"start":{"line":104,"column":8},"end":{"line":109,"column":18}},{"start":{"line":110,"column":8},"end":{"line":115,"column":18}},{"start":{"line":116,"column":8},"end":{"line":122,"column":18}},{"start":{"line":123,"column":8},"end":{"line":129,"column":18}}]},"2":{"loc":{"start":{"line":132,"column":4},"end":{"line":159,"column":5}},"type":"switch","locations":[{"start":{"line":133,"column":8},"end":{"line":138,"column":18}},{"start":{"line":139,"column":8},"end":{"line":144,"column":18}},{"start":{"line":145,"column":8},"end":{"line":151,"column":18}},{"start":{"line":152,"column":8},"end":{"line":158,"column":18}}]},"3":{"loc":{"start":{"line":169,"column":4},"end":{"line":190,"column":5}},"type":"if","locations":[{"start":{"line":169,"column":4},"end":{"line":190,"column":5}}]},"4":{"loc":{"start":{"line":170,"column":8},"end":{"line":189,"column":9}},"type":"if","locations":[{"start":{"line":170,"column":8},"end":{"line":189,"column":9}},{"start":{"line":175,"column":13},"end":{"line":189,"column":9}}]},"5":{"loc":{"start":{"line":170,"column":12},"end":{"line":170,"column":56}},"type":"binary-expr","locations":[{"start":{"line":170,"column":12},"end":{"line":170,"column":31}},{"start":{"line":170,"column":35},"end":{"line":170,"column":56}}]},"6":{"loc":{"start":{"line":175,"column":13},"end":{"line":189,"column":9}},"type":"if","locations":[{"start":{"line":175,"column":13},"end":{"line":189,"column":9}},{"start":{"line":180,"column":13},"end":{"line":189,"column":9}}]},"7":{"loc":{"start":{"line":175,"column":17},"end":{"line":175,"column":64}},"type":"binary-expr","locations":[{"start":{"line":175,"column":17},"end":{"line":175,"column":38}},{"start":{"line":175,"column":42},"end":{"line":175,"column":64}}]},"8":{"loc":{"start":{"line":180,"column":13},"end":{"line":189,"column":9}},"type":"if","locations":[{"start":{"line":180,"column":13},"end":{"line":189,"column":9}},{"start":{"line":185,"column":13},"end":{"line":189,"column":9}}]},"9":{"loc":{"start":{"line":180,"column":17},"end":{"line":180,"column":65}},"type":"binary-expr","locations":[{"start":{"line":180,"column":17},"end":{"line":180,"column":39}},{"start":{"line":180,"column":43},"end":{"line":180,"column":65}}]},"10":{"loc":{"start":{"line":185,"column":13},"end":{"line":189,"column":9}},"type":"if","locations":[{"start":{"line":185,"column":13},"end":{"line":189,"column":9}}]},"11":{"loc":{"start":{"line":185,"column":17},"end":{"line":185,"column":63}},"type":"binary-expr","locations":[{"start":{"line":185,"column":17},"end":{"line":185,"column":38}},{"start":{"line":185,"column":42},"end":{"line":185,"column":63}}]},"12":{"loc":{"start":{"line":202,"column":4},"end":{"line":227,"column":5}},"type":"if","locations":[{"start":{"line":202,"column":4},"end":{"line":227,"column":5}}]},"13":{"loc":{"start":{"line":203,"column":8},"end":{"line":226,"column":9}},"type":"if","locations":[{"start":{"line":203,"column":8},"end":{"line":226,"column":9}},{"start":{"line":209,"column":13},"end":{"line":226,"column":9}}]},"14":{"loc":{"start":{"line":203,"column":12},"end":{"line":203,"column":54}},"type":"binary-expr","locations":[{"start":{"line":203,"column":12},"end":{"line":203,"column":28}},{"start":{"line":203,"column":32},"end":{"line":203,"column":54}}]},"15":{"loc":{"start":{"line":209,"column":13},"end":{"line":226,"column":9}},"type":"if","locations":[{"start":{"line":209,"column":13},"end":{"line":226,"column":9}},{"start":{"line":215,"column":13},"end":{"line":226,"column":9}}]},"16":{"loc":{"start":{"line":209,"column":17},"end":{"line":209,"column":60}},"type":"binary-expr","locations":[{"start":{"line":209,"column":17},"end":{"line":209,"column":33}},{"start":{"line":209,"column":37},"end":{"line":209,"column":60}}]},"17":{"loc":{"start":{"line":215,"column":13},"end":{"line":226,"column":9}},"type":"if","locations":[{"start":{"line":215,"column":13},"end":{"line":226,"column":9}},{"start":{"line":221,"column":13},"end":{"line":226,"column":9}}]},"18":{"loc":{"start":{"line":215,"column":17},"end":{"line":215,"column":60}},"type":"binary-expr","locations":[{"start":{"line":215,"column":17},"end":{"line":215,"column":33}},{"start":{"line":215,"column":37},"end":{"line":215,"column":60}}]},"19":{"loc":{"start":{"line":221,"column":13},"end":{"line":226,"column":9}},"type":"if","locations":[{"start":{"line":221,"column":13},"end":{"line":226,"column":9}}]},"20":{"loc":{"start":{"line":221,"column":17},"end":{"line":221,"column":59}},"type":"binary-expr","locations":[{"start":{"line":221,"column":17},"end":{"line":221,"column":33}},{"start":{"line":221,"column":37},"end":{"line":221,"column":59}}]},"21":{"loc":{"start":{"line":229,"column":4},"end":{"line":254,"column":5}},"type":"if","locations":[{"start":{"line":229,"column":4},"end":{"line":254,"column":5}}]},"22":{"loc":{"start":{"line":230,"column":8},"end":{"line":253,"column":9}},"type":"if","locations":[{"start":{"line":230,"column":8},"end":{"line":253,"column":9}},{"start":{"line":236,"column":13},"end":{"line":253,"column":9}}]},"23":{"loc":{"start":{"line":230,"column":12},"end":{"line":230,"column":57}},"type":"binary-expr","locations":[{"start":{"line":230,"column":12},"end":{"line":230,"column":31}},{"start":{"line":230,"column":35},"end":{"line":230,"column":57}}]},"24":{"loc":{"start":{"line":236,"column":13},"end":{"line":253,"column":9}},"type":"if","locations":[{"start":{"line":236,"column":13},"end":{"line":253,"column":9}},{"start":{"line":242,"column":13},"end":{"line":253,"column":9}}]},"25":{"loc":{"start":{"line":236,"column":17},"end":{"line":236,"column":65}},"type":"binary-expr","locations":[{"start":{"line":236,"column":17},"end":{"line":236,"column":38}},{"start":{"line":236,"column":42},"end":{"line":236,"column":65}}]},"26":{"loc":{"start":{"line":242,"column":13},"end":{"line":253,"column":9}},"type":"if","locations":[{"start":{"line":242,"column":13},"end":{"line":253,"column":9}},{"start":{"line":248,"column":13},"end":{"line":253,"column":9}}]},"27":{"loc":{"start":{"line":242,"column":17},"end":{"line":242,"column":66}},"type":"binary-expr","locations":[{"start":{"line":242,"column":17},"end":{"line":242,"column":39}},{"start":{"line":242,"column":43},"end":{"line":242,"column":66}}]},"28":{"loc":{"start":{"line":248,"column":13},"end":{"line":253,"column":9}},"type":"if","locations":[{"start":{"line":248,"column":13},"end":{"line":253,"column":9}}]},"29":{"loc":{"start":{"line":248,"column":17},"end":{"line":248,"column":64}},"type":"binary-expr","locations":[{"start":{"line":248,"column":17},"end":{"line":248,"column":38}},{"start":{"line":248,"column":42},"end":{"line":248,"column":64}}]},"30":{"loc":{"start":{"line":264,"column":4},"end":{"line":282,"column":5}},"type":"if","locations":[{"start":{"line":264,"column":4},"end":{"line":282,"column":5}},{"start":{"line":268,"column":11},"end":{"line":282,"column":5}}]},"31":{"loc":{"start":{"line":264,"column":8},"end":{"line":266,"column":63}},"type":"binary-expr","locations":[{"start":{"line":264,"column":9},"end":{"line":264,"column":42}},{"start":{"line":264,"column":46},"end":{"line":264,"column":80}},{"start":{"line":265,"column":9},"end":{"line":265,"column":39}},{"start":{"line":266,"column":9},"end":{"line":266,"column":62}}]},"32":{"loc":{"start":{"line":266,"column":27},"end":{"line":266,"column":61}},"type":"binary-expr","locations":[{"start":{"line":266,"column":27},"end":{"line":266,"column":40}},{"start":{"line":266,"column":44},"end":{"line":266,"column":61}}]},"33":{"loc":{"start":{"line":268,"column":11},"end":{"line":282,"column":5}},"type":"if","locations":[{"start":{"line":268,"column":11},"end":{"line":282,"column":5}},{"start":{"line":272,"column":11},"end":{"line":282,"column":5}}]},"34":{"loc":{"start":{"line":268,"column":15},"end":{"line":270,"column":71}},"type":"binary-expr","locations":[{"start":{"line":268,"column":16},"end":{"line":268,"column":50}},{"start":{"line":268,"column":54},"end":{"line":268,"column":87}},{"start":{"line":269,"column":17},"end":{"line":269,"column":47}},{"start":{"line":270,"column":17},"end":{"line":270,"column":70}}]},"35":{"loc":{"start":{"line":270,"column":35},"end":{"line":270,"column":69}},"type":"binary-expr","locations":[{"start":{"line":270,"column":35},"end":{"line":270,"column":48}},{"start":{"line":270,"column":52},"end":{"line":270,"column":69}}]},"36":{"loc":{"start":{"line":272,"column":11},"end":{"line":282,"column":5}},"type":"if","locations":[{"start":{"line":272,"column":11},"end":{"line":282,"column":5}},{"start":{"line":276,"column":11},"end":{"line":282,"column":5}}]},"37":{"loc":{"start":{"line":272,"column":15},"end":{"line":274,"column":71}},"type":"binary-expr","locations":[{"start":{"line":272,"column":16},"end":{"line":272,"column":47}},{"start":{"line":272,"column":51},"end":{"line":272,"column":84}},{"start":{"line":273,"column":17},"end":{"line":273,"column":47}},{"start":{"line":274,"column":17},"end":{"line":274,"column":70}}]},"38":{"loc":{"start":{"line":274,"column":35},"end":{"line":274,"column":69}},"type":"binary-expr","locations":[{"start":{"line":274,"column":35},"end":{"line":274,"column":48}},{"start":{"line":274,"column":52},"end":{"line":274,"column":69}}]},"39":{"loc":{"start":{"line":276,"column":11},"end":{"line":282,"column":5}},"type":"if","locations":[{"start":{"line":276,"column":11},"end":{"line":282,"column":5}},{"start":{"line":280,"column":11},"end":{"line":282,"column":5}}]},"40":{"loc":{"start":{"line":276,"column":15},"end":{"line":278,"column":71}},"type":"binary-expr","locations":[{"start":{"line":276,"column":16},"end":{"line":276,"column":49}},{"start":{"line":276,"column":53},"end":{"line":276,"column":84}},{"start":{"line":277,"column":17},"end":{"line":277,"column":47}},{"start":{"line":278,"column":17},"end":{"line":278,"column":70}}]},"41":{"loc":{"start":{"line":278,"column":35},"end":{"line":278,"column":69}},"type":"binary-expr","locations":[{"start":{"line":278,"column":35},"end":{"line":278,"column":48}},{"start":{"line":278,"column":52},"end":{"line":278,"column":69}}]},"42":{"loc":{"start":{"line":303,"column":8},"end":{"line":307,"column":9}},"type":"if","locations":[{"start":{"line":303,"column":8},"end":{"line":307,"column":9}}]},"43":{"loc":{"start":{"line":303,"column":12},"end":{"line":304,"column":62}},"type":"binary-expr","locations":[{"start":{"line":303,"column":13},"end":{"line":303,"column":46}},{"start":{"line":303,"column":50},"end":{"line":303,"column":83}},{"start":{"line":304,"column":13},"end":{"line":304,"column":35}},{"start":{"line":304,"column":39},"end":{"line":304,"column":61}}]},"44":{"loc":{"start":{"line":483,"column":4},"end":{"line":488,"column":5}},"type":"if","locations":[{"start":{"line":483,"column":4},"end":{"line":488,"column":5}},{"start":{"line":486,"column":11},"end":{"line":488,"column":5}}]},"45":{"loc":{"start":{"line":483,"column":8},"end":{"line":483,"column":54}},"type":"binary-expr","locations":[{"start":{"line":483,"column":8},"end":{"line":483,"column":29}},{"start":{"line":483,"column":33},"end":{"line":483,"column":54}}]},"46":{"loc":{"start":{"line":514,"column":4},"end":{"line":516,"column":5}},"type":"if","locations":[{"start":{"line":514,"column":4},"end":{"line":516,"column":5}}]},"47":{"loc":{"start":{"line":535,"column":8},"end":{"line":537,"column":9}},"type":"if","locations":[{"start":{"line":535,"column":8},"end":{"line":537,"column":9}}]},"48":{"loc":{"start":{"line":535,"column":12},"end":{"line":535,"column":94}},"type":"binary-expr","locations":[{"start":{"line":535,"column":12},"end":{"line":535,"column":51}},{"start":{"line":535,"column":55},"end":{"line":535,"column":94}}]},"49":{"loc":{"start":{"line":540,"column":4},"end":{"line":544,"column":5}},"type":"if","locations":[{"start":{"line":540,"column":4},"end":{"line":544,"column":5}},{"start":{"line":542,"column":11},"end":{"line":544,"column":5}}]},"50":{"loc":{"start":{"line":540,"column":8},"end":{"line":540,"column":102}},"type":"binary-expr","locations":[{"start":{"line":540,"column":8},"end":{"line":540,"column":24}},{"start":{"line":540,"column":28},"end":{"line":540,"column":53}},{"start":{"line":540,"column":57},"end":{"line":540,"column":73}},{"start":{"line":540,"column":77},"end":{"line":540,"column":102}}]}},"s":{"0":1,"1":1,"2":1,"3":1,"4":1,"5":0,"6":0,"7":0,"8":0,"9":0,"10":0,"11":1,"12":1,"13":1,"14":0,"15":0,"16":0,"17":0,"18":0,"19":0,"20":0,"21":0,"22":0,"23":0,"24":0,"25":0,"26":0,"27":0,"28":0,"29":0,"30":0,"31":0,"32":1,"33":3,"34":2,"35":0,"36":0,"37":0,"38":2,"39":0,"40":0,"41":0,"42":2,"43":1,"44":1,"45":1,"46":1,"47":0,"48":0,"49":0,"50":3,"51":1,"52":1,"53":1,"54":0,"55":0,"56":0,"57":0,"58":1,"59":0,"60":0,"61":0,"62":0,"63":1,"64":0,"65":0,"66":0,"67":0,"68":1,"69":0,"70":0,"71":0,"72":0,"73":1,"74":1,"75":1,"76":1,"77":1,"78":1,"79":0,"80":0,"81":0,"82":0,"83":0,"84":0,"85":0,"86":0,"87":0,"88":0,"89":0,"90":0,"91":0,"92":0,"93":0,"94":1,"95":2,"96":0,"97":2,"98":1,"99":1,"100":0,"101":1,"102":0,"103":1,"104":1,"105":1,"106":1,"107":1,"108":1,"109":3,"110":0,"111":1,"112":1,"113":4,"114":4,"115":4,"116":1,"117":4,"118":4,"119":4,"120":1,"121":2,"122":2,"123":2,"124":1,"125":2,"126":2,"127":2,"128":1,"129":0,"130":0,"131":0,"132":0,"133":0,"134":1,"135":4,"136":1,"137":0,"138":0,"139":0,"140":0,"141":0,"142":0,"143":0,"144":0,"145":0,"146":0,"147":1,"148":0,"149":0,"150":1,"151":0,"152":0,"153":0,"154":0,"155":1,"156":0,"157":0,"158":0,"159":0,"160":1,"161":1,"162":1,"163":1,"164":0,"165":1,"166":1,"167":1,"168":2,"169":1,"170":1,"171":1,"172":1,"173":1,"174":1,"175":2,"176":2,"177":2,"178":2,"179":0,"180":0,"181":0,"182":1,"183":0,"184":0,"185":0,"186":0,"187":0,"188":0,"189":0,"190":0,"191":1,"192":0,"193":0,"194":0,"195":0,"196":0,"197":0,"198":0,"199":0,"200":0,"201":0,"202":1,"203":0,"204":0,"205":0,"206":0,"207":0,"208":0,"209":0,"210":0,"211":0,"212":0,"213":0,"214":1},"f":{"0":1,"1":1,"2":0,"3":3,"4":1,"5":2,"6":1,"7":4,"8":4,"9":2,"10":2,"11":0,"12":4,"13":0,"14":0,"15":0,"16":0,"17":1,"18":1,"19":2,"20":0,"21":0,"22":0},"b":{"0":[0,0,0,1],"1":[0,0,0,0],"2":[0,0,0,0],"3":[2],"4":[0,2],"5":[2,0],"6":[0,2],"7":[2,0],"8":[1,1],"9":[2,1],"10":[0],"11":[1,1],"12":[1],"13":[0,1],"14":[1,0],"15":[0,1],"16":[1,0],"17":[0,1],"18":[1,0],"19":[0],"20":[1,0],"21":[1],"22":[1,0],"23":[1,1],"24":[0,0],"25":[0,0],"26":[0,0],"27":[0,0],"28":[0],"29":[0,0],"30":[0,2],"31":[2,0,0,0],"32":[0,0],"33":[1,1],"34":[2,2,2,1],"35":[1,0],"36":[0,1],"37":[1,0,0,0],"38":[0,0],"39":[0,1],"40":[1,0,0,0],"41":[0,0],"42":[0],"43":[3,0,3,0],"44":[1,0],"45":[1,1],"46":[1],"47":[2],"48":[2,2],"49":[0,0],"50":[0,0,0,0]}}
}
