TN:
SF:exports.ts
FN:21,scoreUpdate
FN:37,drawSnakeHead
FN:91,draw_snake_head2P
FN:168,changeDirection
FN:201,changeDirection2P
FN:263,tie_check
FN:293,spawnFood
FN:321,gradient
FN:332,red_gradient
FN:344,PauseGame
FN:357,ResumeGame
FN:370,color_in_snake
FN:381,color_in_snake_red
FN:396,print_pause
FN:406,print_game_over
FN:429,paint_board
FN:444,paint_food
FN:465,paint_food_color
FN:490,food_eaten
FN:512,move_snake
FN:541,is_game_over
FN:563,display_score
FN:583,paint_restart_button
FN:605,paint_menu_button
FNF:24
FNH:14
FNDA:1,scoreUpdate
FNDA:1,drawSnakeHead
FNDA:0,draw_snake_head2P
FNDA:3,changeDirection
FNDA:1,changeDirection2P
FNDA:2,tie_check
FNDA:1,spawnFood
FNDA:4,gradient
FNDA:4,red_gradient
FNDA:1,PauseGame
FNDA:1,ResumeGame
FNDA:0,color_in_snake
FNDA:0,color_in_snake_red
FNDA:2,print_pause
FNDA:0,print_game_over
FNDA:0,paint_board
FNDA:0,paint_food
FNDA:0,paint_food_color
FNDA:1,food_eaten
FNDA:1,move_snake
FNDA:2,is_game_over
FNDA:0,display_score
FNDA:0,paint_restart_button
FNDA:0,paint_menu_button
DA:21,1
DA:22,1
DA:23,1
DA:24,1
DA:37,1
DA:45,1
DA:47,0
DA:51,0
DA:53,0
DA:57,0
DA:59,0
DA:64,0
DA:66,1
DA:71,1
DA:91,1
DA:103,0
DA:105,0
DA:109,0
DA:111,0
DA:115,0
DA:117,0
DA:122,0
DA:124,0
DA:129,0
DA:132,0
DA:134,0
DA:138,0
DA:140,0
DA:144,0
DA:146,0
DA:151,0
DA:153,0
DA:158,0
DA:168,1
DA:169,3
DA:170,2
DA:171,0
DA:172,0
DA:173,0
DA:175,2
DA:176,0
DA:177,0
DA:178,0
DA:180,2
DA:181,1
DA:182,1
DA:183,1
DA:185,1
DA:186,0
DA:187,0
DA:188,0
DA:191,3
DA:201,1
DA:202,1
DA:203,1
DA:204,0
DA:205,0
DA:206,0
DA:207,0
DA:209,1
DA:210,0
DA:211,0
DA:212,0
DA:213,0
DA:215,1
DA:216,0
DA:217,0
DA:218,0
DA:219,0
DA:221,1
DA:222,0
DA:223,0
DA:224,0
DA:225,0
DA:229,1
DA:230,1
DA:231,1
DA:232,1
DA:233,1
DA:234,1
DA:236,0
DA:237,0
DA:238,0
DA:239,0
DA:240,0
DA:242,0
DA:243,0
DA:244,0
DA:245,0
DA:246,0
DA:248,0
DA:249,0
DA:250,0
DA:251,0
DA:252,0
DA:263,1
DA:264,2
DA:267,0
DA:268,2
DA:271,1
DA:272,1
DA:275,0
DA:276,1
DA:279,0
DA:281,1
DA:293,1
DA:298,1
DA:299,1
DA:302,1
DA:303,3
DA:306,0
DA:311,1
DA:321,1
DA:322,4
DA:323,4
DA:324,4
DA:332,1
DA:333,4
DA:334,4
DA:335,4
DA:344,1
DA:345,1
DA:346,1
DA:347,1
DA:357,1
DA:358,1
DA:359,1
DA:360,1
DA:370,1
DA:371,0
DA:372,0
DA:373,0
DA:374,0
DA:381,1
DA:382,0
DA:383,0
DA:384,0
DA:385,0
DA:396,1
DA:397,2
DA:406,1
DA:408,0
DA:409,0
DA:410,0
DA:411,0
DA:412,0
DA:413,0
DA:414,0
DA:415,0
DA:418,0
DA:420,0
DA:429,1
DA:432,0
DA:433,0
DA:444,1
DA:446,0
DA:447,0
DA:448,0
DA:453,0
DA:465,1
DA:472,0
DA:473,0
DA:474,0
DA:479,0
DA:490,1
DA:493,1
DA:494,1
DA:495,1
DA:497,0
DA:512,1
DA:521,1
DA:522,2
DA:524,1
DA:525,1
DA:528,1
DA:529,1
DA:530,1
DA:541,1
DA:544,2
DA:545,2
DA:546,2
DA:550,0
DA:551,0
DA:553,0
DA:563,1
DA:566,0
DA:567,0
DA:568,0
DA:569,0
DA:570,0
DA:571,0
DA:572,0
DA:575,0
DA:583,1
DA:586,0
DA:587,0
DA:588,0
DA:589,0
DA:590,0
DA:591,0
DA:592,0
DA:593,0
DA:594,0
DA:597,0
DA:605,1
DA:608,0
DA:609,0
DA:610,0
DA:611,0
DA:612,0
DA:613,0
DA:614,0
DA:615,0
DA:616,0
DA:617,0
DA:620,0
LF:216
LH:87
BRDA:45,0,0,0
BRDA:45,0,1,0
BRDA:45,0,2,0
BRDA:45,0,3,1
BRDA:103,1,0,0
BRDA:103,1,1,0
BRDA:103,1,2,0
BRDA:103,1,3,0
BRDA:132,2,0,0
BRDA:132,2,1,0
BRDA:132,2,2,0
BRDA:132,2,3,0
BRDA:169,3,0,2
BRDA:170,4,0,0
BRDA:170,4,1,2
BRDA:170,5,0,2
BRDA:170,5,1,0
BRDA:175,6,0,0
BRDA:175,6,1,2
BRDA:175,7,0,2
BRDA:175,7,1,0
BRDA:180,8,0,1
BRDA:180,8,1,1
BRDA:180,9,0,2
BRDA:180,9,1,1
BRDA:185,10,0,0
BRDA:185,11,0,1
BRDA:185,11,1,1
BRDA:202,12,0,1
BRDA:203,13,0,0
BRDA:203,13,1,1
BRDA:203,14,0,1
BRDA:203,14,1,0
BRDA:209,15,0,0
BRDA:209,15,1,1
BRDA:209,16,0,1
BRDA:209,16,1,0
BRDA:215,17,0,0
BRDA:215,17,1,1
BRDA:215,18,0,1
BRDA:215,18,1,0
BRDA:221,19,0,0
BRDA:221,20,0,1
BRDA:221,20,1,0
BRDA:229,21,0,1
BRDA:230,22,0,1
BRDA:230,22,1,0
BRDA:230,23,0,1
BRDA:230,23,1,1
BRDA:236,24,0,0
BRDA:236,24,1,0
BRDA:236,25,0,0
BRDA:236,25,1,0
BRDA:242,26,0,0
BRDA:242,26,1,0
BRDA:242,27,0,0
BRDA:242,27,1,0
BRDA:248,28,0,0
BRDA:248,29,0,0
BRDA:248,29,1,0
BRDA:264,30,0,0
BRDA:264,30,1,2
BRDA:264,31,0,2
BRDA:264,31,1,0
BRDA:264,31,2,0
BRDA:264,31,3,0
BRDA:266,32,0,0
BRDA:266,32,1,0
BRDA:268,33,0,1
BRDA:268,33,1,1
BRDA:268,34,0,2
BRDA:268,34,1,2
BRDA:268,34,2,2
BRDA:268,34,3,1
BRDA:270,35,0,1
BRDA:270,35,1,0
BRDA:272,36,0,0
BRDA:272,36,1,1
BRDA:272,37,0,1
BRDA:272,37,1,0
BRDA:272,37,2,0
BRDA:272,37,3,0
BRDA:274,38,0,0
BRDA:274,38,1,0
BRDA:276,39,0,0
BRDA:276,39,1,1
BRDA:276,40,0,1
BRDA:276,40,1,0
BRDA:276,40,2,0
BRDA:276,40,3,0
BRDA:278,41,0,0
BRDA:278,41,1,0
BRDA:303,42,0,0
BRDA:303,43,0,3
BRDA:303,43,1,0
BRDA:303,43,2,3
BRDA:303,43,3,0
BRDA:493,44,0,1
BRDA:493,44,1,0
BRDA:493,45,0,1
BRDA:493,45,1,1
BRDA:524,46,0,1
BRDA:545,47,0,2
BRDA:545,48,0,2
BRDA:545,48,1,2
BRDA:550,49,0,0
BRDA:550,49,1,0
BRDA:550,50,0,0
BRDA:550,50,1,0
BRDA:550,50,2,0
BRDA:550,50,3,0
BRF:111
BRH:46
end_of_record
